<?xml version="1.0" encoding="utf-8"?><testsuites name="pytest tests"><testsuite name="pytest" errors="0" failures="0" skipped="0" tests="11" time="3.558" timestamp="2026-06-17T18:14:38.975766+00:00" hostname="agent-env-cb1ff965-96aa-4e6f-9ae9-1ee93c14b828"><testcase classname="backend.tests.test_iter4_chat.TestAuthGating" name="test_messages_post_requires_auth" time="0.174" /><testcase classname="backend.tests.test_iter4_chat.TestAuthGating" name="test_conversations_requires_auth" time="0.102" /><testcase classname="backend.tests.test_iter4_chat.TestAuthGating" name="test_thread_requires_auth" time="0.097" /><testcase classname="backend.tests.test_iter4_chat.TestMessageFlow" name="test_coach_sends_to_athlete" time="0.573" /><testcase classname="backend.tests.test_iter4_chat.TestMessageFlow" name="test_athlete_sends_to_coach" time="0.105" /><testcase classname="backend.tests.test_iter4_chat.TestMessageFlow" name="test_conversations_for_coach" time="0.104" /><testcase classname="backend.tests.test_iter4_chat.TestMessageFlow" name="test_conversations_for_athlete" time="0.109" /><testcase classname="backend.tests.test_iter4_chat.TestMessageFlow" name="test_thread_returns_sorted_messages" time="0.116" /><testcase classname="backend.tests.test_iter4_chat.TestMessageFlow" name="test_thread_marks_inbound_as_read" time="0.399" /><testcase classname="backend.tests.test_iter4_chat.TestMessageFlow" name="test_thread_is_bidirectional_filtered" time="1.005" /><testcase classname="backend.tests.test_iter4_chat.TestMessageFlow" name="test_conversations_sorted_by_last_ts_desc" time="0.688" /></testsuite></testsuites>