<?xml version="1.0" encoding="utf-8"?><testsuites name="pytest tests"><testsuite name="pytest" errors="0" failures="0" skipped="0" tests="49" time="41.515" timestamp="2026-06-18T21:28:38.103252+00:00" hostname="agent-env-cb1ff965-96aa-4e6f-9ae9-1ee93c14b828"><testcase classname="backend.tests.backend_test.TestRoot" name="test_root" time="0.162" /><testcase classname="backend.tests.backend_test.TestAuth" name="test_session_bad_id" time="0.357" /><testcase classname="backend.tests.backend_test.TestAuth" name="test_me_no_token" time="0.119" /><testcase classname="backend.tests.backend_test.TestAuth" name="test_me_with_token" time="0.108" /><testcase classname="backend.tests.backend_test.TestAuth" name="test_role_invalid" time="0.098" /><testcase classname="backend.tests.backend_test.TestAuth" name="test_role_valid" time="0.114" /><testcase classname="backend.tests.backend_test.TestAthlete" name="test_get_me_empty_defaults" time="0.120" /><testcase classname="backend.tests.backend_test.TestAthlete" name="test_save_and_scoring_math" time="0.204" /><testcase classname="backend.tests.backend_test.TestAthlete" name="test_evolution_snapshot" time="0.097" /><testcase classname="backend.tests.backend_test.TestAthlete" name="test_public_profile_and_view_tracking" time="0.696" /><testcase classname="backend.tests.backend_test.TestCoach" name="test_coach_round_trip" time="0.200" /><testcase classname="backend.tests.backend_test.TestSearch" name="test_search_seeded" time="0.104" /><testcase classname="backend.tests.backend_test.TestSearch" name="test_search_filters_and_sort" time="0.096" /><testcase classname="backend.tests.backend_test.TestSearch" name="test_highlights" time="0.118" /><testcase classname="backend.tests.backend_test.TestSearch" name="test_seeded_demos_present" time="0.424" /><testcase classname="backend.tests.backend_test.TestFavorites" name="test_toggle_and_list" time="0.299" /><testcase classname="backend.tests.backend_test.TestOpportunities" name="test_create_list_apply_delete" time="0.660" /><testcase classname="backend.tests.backend_test.TestMessages" name="test_send_and_inbox" time="0.239" /><testcase classname="backend.tests.backend_test.TestVerify" name="test_verify_athlete" time="0.229" /><testcase classname="backend.tests.backend_test.TestVerify" name="test_verify_atleta_forbidden" time="0.108" /><testcase classname="backend.tests.backend_test.TestAI" name="test_ai_recommend_coach" time="12.539" /><testcase classname="backend.tests.backend_test.TestAI" name="test_ai_analyze_atleta" time="12.337" /><testcase classname="backend.tests.backend_test.TestAI" name="test_ai_role_forbidden" time="0.258" /><testcase classname="backend.tests.test_iter3_auth_upload.TestSignup" name="test_signup_valid" time="0.662" /><testcase classname="backend.tests.test_iter3_auth_upload.TestSignup" name="test_signup_short_password" time="0.097" /><testcase classname="backend.tests.test_iter3_auth_upload.TestSignup" name="test_signup_existing_verified" time="0.103" /><testcase classname="backend.tests.test_iter3_auth_upload.TestVerify" name="test_verify_valid_creates_user" time="0.735" /><testcase classname="backend.tests.test_iter3_auth_upload.TestVerify" name="test_verify_wrong_code" time="0.696" /><testcase classname="backend.tests.test_iter3_auth_upload.TestVerify" name="test_verify_expired" time="0.099" /><testcase classname="backend.tests.test_iter3_auth_upload.TestLogin" name="test_login_valid" time="1.070" /><testcase classname="backend.tests.test_iter3_auth_upload.TestLogin" name="test_login_wrong_password" time="1.014" /><testcase classname="backend.tests.test_iter3_auth_upload.TestLogin" name="test_login_unverified" time="0.552" /><testcase classname="backend.tests.test_iter3_auth_upload.TestForgotReset" name="test_forgot_no_user_returns_ok" time="0.118" /><testcase classname="backend.tests.test_iter3_auth_upload.TestForgotReset" name="test_forgot_creates_reset_code" time="0.654" /><testcase classname="backend.tests.test_iter3_auth_upload.TestForgotReset" name="test_reset_password_flow" time="1.255" /><testcase classname="backend.tests.test_iter3_auth_upload.TestResend" name="test_resend_after_signup" time="0.975" /><testcase classname="backend.tests.test_iter3_auth_upload.TestUploadSign" name="test_sign_no_auth" time="0.117" /><testcase classname="backend.tests.test_iter3_auth_upload.TestUploadSign" name="test_sign_with_auth" time="0.116" /><testcase classname="backend.tests.test_iter4_chat.TestAuthGating" name="test_messages_post_requires_auth" time="0.103" /><testcase classname="backend.tests.test_iter4_chat.TestAuthGating" name="test_conversations_requires_auth" time="0.108" /><testcase classname="backend.tests.test_iter4_chat.TestAuthGating" name="test_thread_requires_auth" time="0.099" /><testcase classname="backend.tests.test_iter4_chat.TestMessageFlow" name="test_coach_sends_to_athlete" time="0.587" /><testcase classname="backend.tests.test_iter4_chat.TestMessageFlow" name="test_athlete_sends_to_coach" time="0.093" /><testcase classname="backend.tests.test_iter4_chat.TestMessageFlow" name="test_conversations_for_coach" time="0.094" /><testcase classname="backend.tests.test_iter4_chat.TestMessageFlow" name="test_conversations_for_athlete" time="0.095" /><testcase classname="backend.tests.test_iter4_chat.TestMessageFlow" name="test_thread_returns_sorted_messages" time="0.101" /><testcase classname="backend.tests.test_iter4_chat.TestMessageFlow" name="test_thread_marks_inbound_as_read" time="0.406" /><testcase classname="backend.tests.test_iter4_chat.TestMessageFlow" name="test_thread_is_bidirectional_filtered" time="1.000" /><testcase classname="backend.tests.test_iter4_chat.TestMessageFlow" name="test_conversations_sorted_by_last_ts_desc" time="0.672" /></testsuite></testsuites>