<?xml version="1.0" encoding="utf-8"?><testsuites name="pytest tests"><testsuite name="pytest" errors="0" failures="0" skipped="0" tests="15" time="10.713" timestamp="2026-06-17T16:29:09.432062+00:00" hostname="agent-env-cb1ff965-96aa-4e6f-9ae9-1ee93c14b828"><testcase classname="backend.tests.test_iter3_auth_upload.TestSignup" name="test_signup_valid" time="0.847" /><testcase classname="backend.tests.test_iter3_auth_upload.TestSignup" name="test_signup_short_password" time="0.112" /><testcase classname="backend.tests.test_iter3_auth_upload.TestSignup" name="test_signup_existing_verified" time="0.143" /><testcase classname="backend.tests.test_iter3_auth_upload.TestVerify" name="test_verify_valid_creates_user" time="0.744" /><testcase classname="backend.tests.test_iter3_auth_upload.TestVerify" name="test_verify_wrong_code" time="0.786" /><testcase classname="backend.tests.test_iter3_auth_upload.TestVerify" name="test_verify_expired" time="0.107" /><testcase classname="backend.tests.test_iter3_auth_upload.TestLogin" name="test_login_valid" time="2.426" /><testcase classname="backend.tests.test_iter3_auth_upload.TestLogin" name="test_login_wrong_password" time="1.208" /><testcase classname="backend.tests.test_iter3_auth_upload.TestLogin" name="test_login_unverified" time="0.557" /><testcase classname="backend.tests.test_iter3_auth_upload.TestForgotReset" name="test_forgot_no_user_returns_ok" time="0.096" /><testcase classname="backend.tests.test_iter3_auth_upload.TestForgotReset" name="test_forgot_creates_reset_code" time="0.731" /><testcase classname="backend.tests.test_iter3_auth_upload.TestForgotReset" name="test_reset_password_flow" time="1.307" /><testcase classname="backend.tests.test_iter3_auth_upload.TestResend" name="test_resend_after_signup" time="1.059" /><testcase classname="backend.tests.test_iter3_auth_upload.TestUploadSign" name="test_sign_no_auth" time="0.134" /><testcase classname="backend.tests.test_iter3_auth_upload.TestUploadSign" name="test_sign_with_auth" time="0.212" /></testsuite></testsuites>