<?xml version="1.0" encoding="utf-8"?><testsuites name="pytest tests"><testsuite name="pytest" errors="0" failures="0" skipped="0" tests="8" time="3.798" timestamp="2026-06-18T21:28:28.928332+00:00" hostname="agent-env-cb1ff965-96aa-4e6f-9ae9-1ee93c14b828"><testcase classname="backend.tests.test_iter5_fixes.TestDecimalCoercion" name="test_put_athlete_with_float_height_weight" time="0.199" /><testcase classname="backend.tests.test_iter5_fixes.TestDecimalCoercion" name="test_put_athlete_with_string_decimal" time="0.121" /><testcase classname="backend.tests.test_iter5_fixes.TestDecimalCoercion" name="test_put_athlete_with_int" time="0.103" /><testcase classname="backend.tests.test_iter5_fixes.TestDecimalCoercion" name="test_put_athlete_with_empty_string" time="0.129" /><testcase classname="backend.tests.test_iter5_fixes.TestDevCodeFallback" name="test_signup_returns_dev_code" time="0.692" /><testcase classname="backend.tests.test_iter5_fixes.TestDevCodeFallback" name="test_resend_returns_dev_code" time="1.039" /><testcase classname="backend.tests.test_iter5_fixes.TestDevCodeFallback" name="test_forgot_password_returns_dev_code" time="1.176" /><testcase classname="backend.tests.test_iter5_fixes.TestDevCodeFallback" name="test_forgot_unknown_email_no_dev_code" time="0.114" /></testsuite></testsuites>