<?xml version="1.0" encoding="utf-8"?><testsuites name="pytest tests"><testsuite name="pytest" errors="0" failures="0" skipped="0" tests="23" time="28.227" timestamp="2026-06-17T15:53:35.561505+00:00" hostname="agent-env-cb1ff965-96aa-4e6f-9ae9-1ee93c14b828"><testcase classname="tests.backend_test.TestRoot" name="test_root" time="0.220" /><testcase classname="tests.backend_test.TestAuth" name="test_session_bad_id" time="0.259" /><testcase classname="tests.backend_test.TestAuth" name="test_me_no_token" time="0.130" /><testcase classname="tests.backend_test.TestAuth" name="test_me_with_token" time="0.142" /><testcase classname="tests.backend_test.TestAuth" name="test_role_invalid" time="0.161" /><testcase classname="tests.backend_test.TestAuth" name="test_role_valid" time="0.108" /><testcase classname="tests.backend_test.TestAthlete" name="test_get_me_empty_defaults" time="0.117" /><testcase classname="tests.backend_test.TestAthlete" name="test_save_and_scoring_math" time="0.296" /><testcase classname="tests.backend_test.TestAthlete" name="test_evolution_snapshot" time="0.100" /><testcase classname="tests.backend_test.TestAthlete" name="test_public_profile_and_view_tracking" time="0.720" /><testcase classname="tests.backend_test.TestCoach" name="test_coach_round_trip" time="0.211" /><testcase classname="tests.backend_test.TestSearch" name="test_search_seeded" time="0.120" /><testcase classname="tests.backend_test.TestSearch" name="test_search_filters_and_sort" time="0.201" /><testcase classname="tests.backend_test.TestSearch" name="test_highlights" time="0.114" /><testcase classname="tests.backend_test.TestSearch" name="test_seeded_demos_present" time="0.478" /><testcase classname="tests.backend_test.TestFavorites" name="test_toggle_and_list" time="0.378" /><testcase classname="tests.backend_test.TestOpportunities" name="test_create_list_apply_delete" time="0.708" /><testcase classname="tests.backend_test.TestMessages" name="test_send_and_inbox" time="0.248" /><testcase classname="tests.backend_test.TestVerify" name="test_verify_athlete" time="0.222" /><testcase classname="tests.backend_test.TestVerify" name="test_verify_atleta_forbidden" time="0.120" /><testcase classname="tests.backend_test.TestAI" name="test_ai_recommend_coach" time="8.323" /><testcase classname="tests.backend_test.TestAI" name="test_ai_analyze_atleta" time="14.241" /><testcase classname="tests.backend_test.TestAI" name="test_ai_role_forbidden" time="0.292" /></testsuite></testsuites>