<?xml version="1.0" encoding="utf-8"?><testsuites name="pytest tests"><testsuite name="pytest" errors="0" failures="1" skipped="0" tests="23" time="39.457" timestamp="2026-06-17T15:42:14.254348+00:00" hostname="agent-env-cb1ff965-96aa-4e6f-9ae9-1ee93c14b828"><testcase classname="backend.tests.backend_test.TestRoot" name="test_root" time="0.207" /><testcase classname="backend.tests.backend_test.TestAuth" name="test_session_bad_id" time="0.237" /><testcase classname="backend.tests.backend_test.TestAuth" name="test_me_no_token" time="0.106" /><testcase classname="backend.tests.backend_test.TestAuth" name="test_me_with_token" time="0.118" /><testcase classname="backend.tests.backend_test.TestAuth" name="test_role_invalid" time="0.108" /><testcase classname="backend.tests.backend_test.TestAuth" name="test_role_valid" time="0.105" /><testcase classname="backend.tests.backend_test.TestAthlete" name="test_get_me_empty_defaults" time="0.195" /><testcase classname="backend.tests.backend_test.TestAthlete" name="test_save_and_scoring_math" time="0.234" /><testcase classname="backend.tests.backend_test.TestAthlete" name="test_evolution_snapshot" time="0.115" /><testcase classname="backend.tests.backend_test.TestAthlete" name="test_public_profile_and_view_tracking" time="0.769" /><testcase classname="backend.tests.backend_test.TestCoach" name="test_coach_round_trip" time="0.202" /><testcase classname="backend.tests.backend_test.TestSearch" name="test_search_seeded" time="0.152" /><testcase classname="backend.tests.backend_test.TestSearch" name="test_search_filters_and_sort" time="0.109" /><testcase classname="backend.tests.backend_test.TestSearch" name="test_highlights" time="0.105" /><testcase classname="backend.tests.backend_test.TestSearch" name="test_seeded_demos_present" time="0.450" /><testcase classname="backend.tests.backend_test.TestFavorites" name="test_toggle_and_list" time="0.341" /><testcase classname="backend.tests.backend_test.TestOpportunities" name="test_create_list_apply_delete" time="0.660" /><testcase classname="backend.tests.backend_test.TestMessages" name="test_send_and_inbox" time="0.216" /><testcase classname="backend.tests.backend_test.TestVerify" name="test_verify_athlete" time="0.226" /><testcase classname="backend.tests.backend_test.TestVerify" name="test_verify_atleta_forbidden" time="0.141" /><testcase classname="backend.tests.backend_test.TestAI" name="test_ai_recommend_coach" time="2.528"><failure message="AssertionError: LLM fallback returned&#10;assert 'Não consegui gerar agora' not in 'Não consegu...s instantes.'&#10;  &#10;  'Não consegui gerar agora' is contained here:&#10;    Não consegui gerar agora. Tenta de novo em alguns instantes.&#10;  ? ++++++++++++++++++++++++">backend/tests/backend_test.py:289: in test_ai_recommend_coach
    assert "Não consegui gerar agora" not in d["recommendation"], "LLM fallback returned"
E   AssertionError: LLM fallback returned
E   assert 'Não consegui gerar agora' not in 'Não consegu...s instantes.'
E     
E     'Não consegui gerar agora' is contained here:
E       Não consegui gerar agora. Tenta de novo em alguns instantes.
E     ? ++++++++++++++++++++++++</failure></testcase><testcase classname="backend.tests.backend_test.TestAI" name="test_ai_analyze_atleta" time="31.452" /><testcase classname="backend.tests.backend_test.TestAI" name="test_ai_role_forbidden" time="0.309" /></testsuite></testsuites>