<?xml version="1.0" encoding="utf-8"?><testsuites name="pytest tests"><testsuite name="pytest" errors="0" failures="0" skipped="0" tests="23" time="30.867" timestamp="2026-06-17T16:29:24.690033+00:00" hostname="agent-env-cb1ff965-96aa-4e6f-9ae9-1ee93c14b828"><testcase classname="backend.tests.backend_test.TestRoot" name="test_root" time="0.103" /><testcase classname="backend.tests.backend_test.TestAuth" name="test_session_bad_id" time="0.241" /><testcase classname="backend.tests.backend_test.TestAuth" name="test_me_no_token" time="0.171" /><testcase classname="backend.tests.backend_test.TestAuth" name="test_me_with_token" time="0.146" /><testcase classname="backend.tests.backend_test.TestAuth" name="test_role_invalid" time="0.146" /><testcase classname="backend.tests.backend_test.TestAuth" name="test_role_valid" time="0.104" /><testcase classname="backend.tests.backend_test.TestAthlete" name="test_get_me_empty_defaults" time="0.103" /><testcase classname="backend.tests.backend_test.TestAthlete" name="test_save_and_scoring_math" time="0.225" /><testcase classname="backend.tests.backend_test.TestAthlete" name="test_evolution_snapshot" time="0.113" /><testcase classname="backend.tests.backend_test.TestAthlete" name="test_public_profile_and_view_tracking" time="0.734" /><testcase classname="backend.tests.backend_test.TestCoach" name="test_coach_round_trip" time="0.223" /><testcase classname="backend.tests.backend_test.TestSearch" name="test_search_seeded" time="0.105" /><testcase classname="backend.tests.backend_test.TestSearch" name="test_search_filters_and_sort" time="0.105" /><testcase classname="backend.tests.backend_test.TestSearch" name="test_highlights" time="0.109" /><testcase classname="backend.tests.backend_test.TestSearch" name="test_seeded_demos_present" time="0.647" /><testcase classname="backend.tests.backend_test.TestFavorites" name="test_toggle_and_list" time="0.340" /><testcase classname="backend.tests.backend_test.TestOpportunities" name="test_create_list_apply_delete" time="0.724" /><testcase classname="backend.tests.backend_test.TestMessages" name="test_send_and_inbox" time="0.213" /><testcase classname="backend.tests.backend_test.TestVerify" name="test_verify_athlete" time="0.234" /><testcase classname="backend.tests.backend_test.TestVerify" name="test_verify_atleta_forbidden" time="0.103" /><testcase classname="backend.tests.backend_test.TestAI" name="test_ai_recommend_coach" time="11.324" /><testcase classname="backend.tests.backend_test.TestAI" name="test_ai_analyze_atleta" time="14.242" /><testcase classname="backend.tests.backend_test.TestAI" name="test_ai_role_forbidden" time="0.269" /></testsuite></testsuites>